2026-01-26 17:49:45 [background-preinit] INFO  o.h.validator.internal.util.Version - HV000001: Hibernate Validator 8.0.3.Final
2026-01-26 17:49:45 [main] INFO  d.a.j.JavaProgLessonsPro59ApplicationTests - Starting JavaProgLessonsPro59ApplicationTests using Java 21.0.9 with PID 86640 (started by dmitrinedioglo in /Users/dmitrinedioglo/Documents/JavaPro/JavaProgLessonsPro59)
2026-01-26 17:49:45 [main] DEBUG d.a.j.JavaProgLessonsPro59ApplicationTests - Running with Spring Boot v3.5.9, Spring v6.2.15
2026-01-26 17:49:45 [main] INFO  d.a.j.JavaProgLessonsPro59ApplicationTests - No active profile set, falling back to 1 default profile: "default"
2026-01-26 17:49:45 [main] INFO  o.s.d.r.c.RepositoryConfigurationDelegate - Bootstrapping Spring Data JPA repositories in DEFAULT mode.
2026-01-26 17:49:45 [main] INFO  o.s.d.r.c.RepositoryConfigurationDelegate - Finished Spring Data repository scanning in 18 ms. Found 1 JPA repository interface.
2026-01-26 17:49:45 [main] INFO  com.zaxxer.hikari.HikariDataSource - HikariPool-1 - Starting...
2026-01-26 17:49:45 [main] INFO  com.zaxxer.hikari.pool.HikariPool - HikariPool-1 - Added connection conn0: url=jdbc:h2:mem:testdb user=SA
2026-01-26 17:49:45 [main] INFO  com.zaxxer.hikari.HikariDataSource - HikariPool-1 - Start completed.
2026-01-26 17:49:45 [main] INFO  liquibase.database - Set default schema name to PUBLIC
2026-01-26 17:49:45 [main] INFO  liquibase.changelog - Creating database history table with name: PUBLIC.DATABASECHANGELOG
2026-01-26 17:49:45 [main] INFO  liquibase.changelog - Reading from PUBLIC.DATABASECHANGELOG
2026-01-26 17:49:46 [main] INFO  liquibase.snapshot - Creating snapshot
2026-01-26 17:49:46 [main] INFO  liquibase.lockservice - Successfully acquired change log lock
2026-01-26 17:49:46 [main] INFO  liquibase.command - Using deploymentId: 9446185674
2026-01-26 17:49:46 [main] INFO  liquibase.changelog - Reading from PUBLIC.DATABASECHANGELOG
2026-01-26 17:49:46 [main] INFO  liquibase.ui - Running Changeset: db/changelog/001-create-cars-table.xml::001-create-cars-table::Dmitri Nedioglo
2026-01-26 17:49:46 [main] INFO  liquibase.changelog - Table cars created
2026-01-26 17:49:46 [main] INFO  liquibase.changelog - ChangeSet db/changelog/001-create-cars-table.xml::001-create-cars-table::Dmitri Nedioglo ran successfully in 3ms
2026-01-26 17:49:46 [main] INFO  liquibase.ui - Running Changeset: db/changelog/002-add-collumns.xml::002-add-color-horsepower::Dmitri Nedioglo
2026-01-26 17:49:46 [main] INFO  liquibase.changelog - Columns color(VARCHAR(255)),horsepower(INT) added to cars
2026-01-26 17:49:46 [main] INFO  liquibase.changelog - ChangeSet db/changelog/002-add-collumns.xml::002-add-color-horsepower::Dmitri Nedioglo ran successfully in 5ms
2026-01-26 17:49:46 [main] INFO  liquibase.ui - Running Changeset: db/changelog/003-modify-column.xml::003-change-mileage-type::Dmitri Nedioglo
2026-01-26 17:49:46 [main] INFO  liquibase.changelog - cars.mileage datatype was changed to BIGINT
2026-01-26 17:49:46 [main] INFO  liquibase.changelog - ChangeSet db/changelog/003-modify-column.xml::003-change-mileage-type::Dmitri Nedioglo ran successfully in 2ms
2026-01-26 17:49:46 [main] INFO  liquibase.ui - Running Changeset: db/changelog/004-seed-test-data.xml::004-seed-test-data::Dmitri Nedioglo
2026-01-26 17:49:46 [main] INFO  liquibase.changelog - New row inserted into cars
2026-01-26 17:49:46 [main] INFO  liquibase.changelog - ChangeSet db/changelog/004-seed-test-data.xml::004-seed-test-data::Dmitri Nedioglo ran successfully in 1ms
2026-01-26 17:49:46 [main] INFO  liquibase.ui - Running Changeset: db/changelog/005-add-audit-columns.xml::005-add-audit-columns::Dmitri Nedioglo
2026-01-26 17:49:46 [main] INFO  liquibase.changelog - Columns created_at(TIMESTAMP),updated_at(TIMESTAMP) added to cars
2026-01-26 17:49:46 [main] INFO  liquibase.changelog - ChangeSet db/changelog/005-add-audit-columns.xml::005-add-audit-columns::Dmitri Nedioglo ran successfully in 3ms
2026-01-26 17:49:46 [main] INFO  liquibase.ui - Running Changeset: db/changelog/006-add-check-constraints.xml::006-add-check-constraints::Dmitri Nedioglo
2026-01-26 17:49:46 [main] INFO  liquibase.changelog - Custom SQL executed
2026-01-26 17:49:46 [main] INFO  liquibase.changelog - ChangeSet db/changelog/006-add-check-constraints.xml::006-add-check-constraints::Dmitri Nedioglo ran successfully in 5ms
2026-01-26 17:49:46 [main] INFO  liquibase.ui - Running Changeset: db/changelog/007-add-soft-delete-flag.xml::007-add-soft-delete-flag::Dmitri Nedioglo
2026-01-26 17:49:46 [main] INFO  liquibase.changelog - Columns deleted(BOOLEAN) added to cars
2026-01-26 17:49:46 [main] INFO  liquibase.changelog - ChangeSet db/changelog/007-add-soft-delete-flag.xml::007-add-soft-delete-flag::Dmitri Nedioglo ran successfully in 2ms
2026-01-26 17:49:46 [main] INFO  liquibase.util - UPDATE SUMMARY
2026-01-26 17:49:46 [main] INFO  liquibase.util - Run:                          7
2026-01-26 17:49:46 [main] INFO  liquibase.util - Previously run:               0
2026-01-26 17:49:46 [main] INFO  liquibase.util - Filtered out:                 1
2026-01-26 17:49:46 [main] INFO  liquibase.util - -------------------------------
2026-01-26 17:49:46 [main] INFO  liquibase.util - Total change sets:            8
2026-01-26 17:49:46 [main] INFO  liquibase.util - FILTERED CHANGE SETS SUMMARY
2026-01-26 17:49:46 [main] INFO  liquibase.util - Context mismatch:             1
2026-01-26 17:49:46 [main] INFO  liquibase.util - Update summary generated
2026-01-26 17:49:46 [main] INFO  liquibase.command - Update command completed successfully.
2026-01-26 17:49:46 [main] INFO  liquibase.ui - Liquibase: Update has been successful. Rows affected: 8
2026-01-26 17:49:46 [main] INFO  liquibase.lockservice - Successfully released change log lock
2026-01-26 17:49:46 [main] INFO  liquibase.command - Command execution complete
2026-01-26 17:49:46 [main] INFO  o.hibernate.jpa.internal.util.LogHelper - HHH000204: Processing PersistenceUnitInfo [name: default]
2026-01-26 17:49:46 [main] INFO  org.hibernate.Version - HHH000412: Hibernate ORM core version 6.6.39.Final
2026-01-26 17:49:46 [main] INFO  o.h.c.internal.RegionFactoryInitiator - HHH000026: Second-level cache disabled
2026-01-26 17:49:46 [main] INFO  o.s.o.j.p.SpringPersistenceUnitInfo - No LoadTimeWeaver setup: ignoring JPA class transformer
2026-01-26 17:49:46 [main] INFO  org.hibernate.orm.connections.pooling - HHH10001005: Database info:
	Database JDBC URL [Connecting through datasource 'HikariDataSource (HikariPool-1)']
	Database driver: undefined/unknown
	Database version: 2.3.232
	Autocommit mode: undefined/unknown
	Isolation level: undefined/unknown
	Minimum pool size: undefined/unknown
	Maximum pool size: undefined/unknown
2026-01-26 17:49:46 [main] INFO  o.h.e.t.j.p.i.JtaPlatformInitiator - HHH000489: No JTA platform available (set 'hibernate.transaction.jta.platform' to enable JTA platform integration)
2026-01-26 17:49:46 [main] INFO  o.s.o.j.LocalContainerEntityManagerFactoryBean - Initialized JPA EntityManagerFactory for persistence unit 'default'
2026-01-26 17:49:47 [main] WARN  o.s.b.a.o.j.JpaBaseConfiguration$JpaWebConfiguration - spring.jpa.open-in-view is enabled by default. Therefore, database queries may be performed during view rendering. Explicitly configure spring.jpa.open-in-view to disable this warning
2026-01-26 17:49:47 [main] INFO  o.s.b.a.h2.H2ConsoleAutoConfiguration - H2 console available at '/h2-console'. Database available at 'jdbc:h2:mem:testdb'
2026-01-26 17:49:47 [main] INFO  d.a.j.JavaProgLessonsPro59ApplicationTests - Started JavaProgLessonsPro59ApplicationTests in 2.155 seconds (process running for 2.5)
2026-01-26 17:49:47 [main] WARN  o.s.core.events.SpringDocAppInitializer - SpringDoc /v3/api-docs endpoint is enabled by default. To disable it in production, set the property 'springdoc.api-docs.enabled=false'
2026-01-26 17:49:47 [main] WARN  o.s.core.events.SpringDocAppInitializer - SpringDoc /swagger-ui.html endpoint is enabled by default. To disable it in production, set the property 'springdoc.swagger-ui.enabled=false'
2026-01-26 17:49:47 [SpringApplicationShutdownHook] INFO  o.s.o.j.LocalContainerEntityManagerFactoryBean - Closing JPA EntityManagerFactory for persistence unit 'default'
2026-01-26 17:49:47 [SpringApplicationShutdownHook] INFO  com.zaxxer.hikari.HikariDataSource - HikariPool-1 - Shutdown initiated...
2026-01-26 17:49:47 [SpringApplicationShutdownHook] INFO  com.zaxxer.hikari.HikariDataSource - HikariPool-1 - Shutdown completed.
2026-01-26 17:50:01 [background-preinit] INFO  o.h.validator.internal.util.Version - HV000001: Hibernate Validator 8.0.3.Final
2026-01-26 17:50:01 [main] INFO  d.a.j.JavaProgLessonsPro59Application - Starting JavaProgLessonsPro59Application using Java 21.0.9 with PID 86662 (/Users/dmitrinedioglo/Documents/JavaPro/JavaProgLessonsPro59/target/classes started by dmitrinedioglo in /Users/dmitrinedioglo/Documents/JavaPro/JavaProgLessonsPro59)
2026-01-26 17:50:01 [main] DEBUG d.a.j.JavaProgLessonsPro59Application - Running with Spring Boot v3.5.9, Spring v6.2.15
2026-01-26 17:50:01 [main] INFO  d.a.j.JavaProgLessonsPro59Application - No active profile set, falling back to 1 default profile: "default"
2026-01-26 17:50:01 [main] INFO  o.s.d.r.c.RepositoryConfigurationDelegate - Bootstrapping Spring Data JPA repositories in DEFAULT mode.
2026-01-26 17:50:01 [main] INFO  o.s.d.r.c.RepositoryConfigurationDelegate - Finished Spring Data repository scanning in 30 ms. Found 1 JPA repository interface.
2026-01-26 17:50:02 [main] INFO  o.s.b.w.embedded.tomcat.TomcatWebServer - Tomcat initialized with port 8080 (http)
2026-01-26 17:50:02 [main] INFO  o.apache.coyote.http11.Http11NioProtocol - Initializing ProtocolHandler ["http-nio-8080"]
2026-01-26 17:50:02 [main] INFO  o.apache.catalina.core.StandardService - Starting service [Tomcat]
2026-01-26 17:50:02 [main] INFO  org.apache.catalina.core.StandardEngine - Starting Servlet engine: [Apache Tomcat/10.1.50]
2026-01-26 17:50:02 [main] INFO  o.a.c.c.C.[Tomcat].[localhost].[/] - Initializing Spring embedded WebApplicationContext
2026-01-26 17:50:02 [main] INFO  o.s.b.w.s.c.ServletWebServerApplicationContext - Root WebApplicationContext: initialization completed in 386 ms
2026-01-26 17:50:02 [main] INFO  com.zaxxer.hikari.HikariDataSource - HikariPool-1 - Starting...
2026-01-26 17:50:02 [main] INFO  com.zaxxer.hikari.pool.HikariPool - HikariPool-1 - Added connection conn0: url=jdbc:h2:mem:testdb user=SA
2026-01-26 17:50:02 [main] INFO  com.zaxxer.hikari.HikariDataSource - HikariPool-1 - Start completed.
2026-01-26 17:50:02 [main] INFO  liquibase.database - Set default schema name to PUBLIC
2026-01-26 17:50:02 [main] INFO  liquibase.changelog - Creating database history table with name: PUBLIC.DATABASECHANGELOG
2026-01-26 17:50:02 [main] INFO  liquibase.changelog - Reading from PUBLIC.DATABASECHANGELOG
2026-01-26 17:50:02 [main] INFO  liquibase.snapshot - Creating snapshot
2026-01-26 17:50:02 [main] INFO  liquibase.lockservice - Successfully acquired change log lock
2026-01-26 17:50:02 [main] INFO  liquibase.command - Using deploymentId: 9446202170
2026-01-26 17:50:02 [main] INFO  liquibase.changelog - Reading from PUBLIC.DATABASECHANGELOG
2026-01-26 17:50:02 [main] INFO  liquibase.ui - Running Changeset: db/changelog/001-create-cars-table.xml::001-create-cars-table::Dmitri Nedioglo
2026-01-26 17:50:02 [main] INFO  liquibase.changelog - Table cars created
2026-01-26 17:50:02 [main] INFO  liquibase.changelog - ChangeSet db/changelog/001-create-cars-table.xml::001-create-cars-table::Dmitri Nedioglo ran successfully in 3ms
2026-01-26 17:50:02 [main] INFO  liquibase.ui - Running Changeset: db/changelog/002-add-collumns.xml::002-add-color-horsepower::Dmitri Nedioglo
2026-01-26 17:50:02 [main] INFO  liquibase.changelog - Columns color(VARCHAR(255)),horsepower(INT) added to cars
2026-01-26 17:50:02 [main] INFO  liquibase.changelog - ChangeSet db/changelog/002-add-collumns.xml::002-add-color-horsepower::Dmitri Nedioglo ran successfully in 5ms
2026-01-26 17:50:02 [main] INFO  liquibase.ui - Running Changeset: db/changelog/003-modify-column.xml::003-change-mileage-type::Dmitri Nedioglo
2026-01-26 17:50:02 [main] INFO  liquibase.changelog - cars.mileage datatype was changed to BIGINT
2026-01-26 17:50:02 [main] INFO  liquibase.changelog - ChangeSet db/changelog/003-modify-column.xml::003-change-mileage-type::Dmitri Nedioglo ran successfully in 2ms
2026-01-26 17:50:02 [main] INFO  liquibase.ui - Running Changeset: db/changelog/004-seed-test-data.xml::004-seed-test-data::Dmitri Nedioglo
2026-01-26 17:50:02 [main] INFO  liquibase.changelog - New row inserted into cars
2026-01-26 17:50:02 [main] INFO  liquibase.changelog - ChangeSet db/changelog/004-seed-test-data.xml::004-seed-test-data::Dmitri Nedioglo ran successfully in 1ms
2026-01-26 17:50:02 [main] INFO  liquibase.ui - Running Changeset: db/changelog/005-add-audit-columns.xml::005-add-audit-columns::Dmitri Nedioglo
2026-01-26 17:50:02 [main] INFO  liquibase.changelog - Columns created_at(TIMESTAMP),updated_at(TIMESTAMP) added to cars
2026-01-26 17:50:02 [main] INFO  liquibase.changelog - ChangeSet db/changelog/005-add-audit-columns.xml::005-add-audit-columns::Dmitri Nedioglo ran successfully in 2ms
2026-01-26 17:50:02 [main] INFO  liquibase.ui - Running Changeset: db/changelog/006-add-check-constraints.xml::006-add-check-constraints::Dmitri Nedioglo
2026-01-26 17:50:02 [main] INFO  liquibase.changelog - Custom SQL executed
2026-01-26 17:50:02 [main] INFO  liquibase.changelog - ChangeSet db/changelog/006-add-check-constraints.xml::006-add-check-constraints::Dmitri Nedioglo ran successfully in 4ms
2026-01-26 17:50:02 [main] INFO  liquibase.ui - Running Changeset: db/changelog/007-add-soft-delete-flag.xml::007-add-soft-delete-flag::Dmitri Nedioglo
2026-01-26 17:50:02 [main] INFO  liquibase.changelog - Columns deleted(BOOLEAN) added to cars
2026-01-26 17:50:02 [main] INFO  liquibase.changelog - ChangeSet db/changelog/007-add-soft-delete-flag.xml::007-add-soft-delete-flag::Dmitri Nedioglo ran successfully in 2ms
2026-01-26 17:50:02 [main] INFO  liquibase.util - UPDATE SUMMARY
2026-01-26 17:50:02 [main] INFO  liquibase.util - Run:                          7
2026-01-26 17:50:02 [main] INFO  liquibase.util - Previously run:               0
2026-01-26 17:50:02 [main] INFO  liquibase.util - Filtered out:                 1
2026-01-26 17:50:02 [main] INFO  liquibase.util - -------------------------------
2026-01-26 17:50:02 [main] INFO  liquibase.util - Total change sets:            8
2026-01-26 17:50:02 [main] INFO  liquibase.util - FILTERED CHANGE SETS SUMMARY
2026-01-26 17:50:02 [main] INFO  liquibase.util - Context mismatch:             1
2026-01-26 17:50:02 [main] INFO  liquibase.util - Update summary generated
2026-01-26 17:50:02 [main] INFO  liquibase.command - Update command completed successfully.
2026-01-26 17:50:02 [main] INFO  liquibase.ui - Liquibase: Update has been successful. Rows affected: 8
2026-01-26 17:50:02 [main] INFO  liquibase.lockservice - Successfully released change log lock
2026-01-26 17:50:02 [main] INFO  liquibase.command - Command execution complete
2026-01-26 17:50:02 [main] INFO  o.hibernate.jpa.internal.util.LogHelper - HHH000204: Processing PersistenceUnitInfo [name: default]
2026-01-26 17:50:02 [main] INFO  org.hibernate.Version - HHH000412: Hibernate ORM core version 6.6.39.Final
2026-01-26 17:50:02 [main] INFO  o.h.c.internal.RegionFactoryInitiator - HHH000026: Second-level cache disabled
2026-01-26 17:50:02 [main] INFO  o.s.o.j.p.SpringPersistenceUnitInfo - No LoadTimeWeaver setup: ignoring JPA class transformer
2026-01-26 17:50:02 [main] INFO  org.hibernate.orm.connections.pooling - HHH10001005: Database info:
	Database JDBC URL [Connecting through datasource 'HikariDataSource (HikariPool-1)']
	Database driver: undefined/unknown
	Database version: 2.3.232
	Autocommit mode: undefined/unknown
	Isolation level: undefined/unknown
	Minimum pool size: undefined/unknown
	Maximum pool size: undefined/unknown
2026-01-26 17:50:03 [main] INFO  o.h.e.t.j.p.i.JtaPlatformInitiator - HHH000489: No JTA platform available (set 'hibernate.transaction.jta.platform' to enable JTA platform integration)
2026-01-26 17:50:03 [main] INFO  o.s.o.j.LocalContainerEntityManagerFactoryBean - Initialized JPA EntityManagerFactory for persistence unit 'default'
2026-01-26 17:50:03 [main] WARN  o.s.b.a.o.j.JpaBaseConfiguration$JpaWebConfiguration - spring.jpa.open-in-view is enabled by default. Therefore, database queries may be performed during view rendering. Explicitly configure spring.jpa.open-in-view to disable this warning
2026-01-26 17:50:03 [main] INFO  o.s.b.a.h2.H2ConsoleAutoConfiguration - H2 console available at '/h2-console'. Database available at 'jdbc:h2:mem:testdb'
2026-01-26 17:50:03 [main] INFO  o.apache.coyote.http11.Http11NioProtocol - Starting ProtocolHandler ["http-nio-8080"]
2026-01-26 17:50:03 [main] INFO  o.s.b.w.embedded.tomcat.TomcatWebServer - Tomcat started on port 8080 (http) with context path '/'
2026-01-26 17:50:03 [main] INFO  d.a.j.JavaProgLessonsPro59Application - Started JavaProgLessonsPro59Application in 2.009 seconds (process running for 2.279)
2026-01-26 17:50:03 [main] WARN  o.s.core.events.SpringDocAppInitializer - SpringDoc /v3/api-docs endpoint is enabled by default. To disable it in production, set the property 'springdoc.api-docs.enabled=false'
2026-01-26 17:50:03 [main] WARN  o.s.core.events.SpringDocAppInitializer - SpringDoc /swagger-ui.html endpoint is enabled by default. To disable it in production, set the property 'springdoc.swagger-ui.enabled=false'
2026-01-26 17:50:06 [SpringApplicationShutdownHook] INFO  o.s.b.w.embedded.tomcat.GracefulShutdown - Commencing graceful shutdown. Waiting for active requests to complete
2026-01-26 17:50:06 [tomcat-shutdown] INFO  o.s.b.w.embedded.tomcat.GracefulShutdown - Graceful shutdown complete
2026-01-26 17:50:06 [SpringApplicationShutdownHook] INFO  o.s.o.j.LocalContainerEntityManagerFactoryBean - Closing JPA EntityManagerFactory for persistence unit 'default'
2026-01-26 17:50:06 [SpringApplicationShutdownHook] INFO  com.zaxxer.hikari.HikariDataSource - HikariPool-1 - Shutdown initiated...
2026-01-26 17:50:06 [SpringApplicationShutdownHook] INFO  com.zaxxer.hikari.HikariDataSource - HikariPool-1 - Shutdown completed.
